[0m04:30:44.947513 [debug] [MainThread]: Sending event: {'category': 'dbt', 'action': 'invocation', 'label': 'start', 'context': [<snowplow_tracker.self_describing_json.SelfDescribingJson object at 0x7443b4730da0>, <snowplow_tracker.self_describing_json.SelfDescribingJson object at 0x7443b3e6cbc0>, <snowplow_tracker.self_describing_json.SelfDescribingJson object at 0x7443b4136420>]}


============================== 04:30:44.955650 | ae34d04f-8111-4421-8c6c-bde2380d8674 ==============================
[0m04:30:44.955650 [info ] [MainThread]: Running with dbt=1.9.0
[0m04:30:44.956122 [debug] [MainThread]: running dbt with arguments {'printer_width': '80', 'indirect_selection': 'eager', 'write_json': 'True', 'log_cache_events': 'False', 'partial_parse': 'True', 'cache_selected_only': 'False', 'profiles_dir': '/root/.dbt', 'debug': 'False', 'warn_error': 'None', 'log_path': 'logs', 'fail_fast': 'False', 'version_check': 'True', 'use_colors': 'True', 'use_experimental_parser': 'False', 'empty': 'None', 'quiet': 'False', 'no_print': 'None', 'warn_error_options': 'WarnErrorOptions(include=[], exclude=[])', 'static_parser': 'True', 'invocation_command': 'dbt init my_project', 'introspect': 'True', 'target_path': 'None', 'log_format': 'default', 'send_anonymous_usage_stats': 'True'}
[0m04:30:45.008085 [warn ] [MainThread]: [ConfigFolderDirectory]: Unable to parse logging event dictionary. Failed to parse dir field: expected string or bytes-like object, got 'PosixPath'.. Dictionary: {'dir': PosixPath('/root/.dbt')}
[0m04:30:45.008600 [info ] [MainThread]: Creating dbt configuration folder at 
[0m04:30:45.012292 [debug] [MainThread]: Starter project path: /usr/local/lib/python3.12/site-packages/dbt/include/starter_project
[0m04:30:45.020693 [info ] [MainThread]: 
Your new dbt project "my_project" was created!

For more information on how to configure the profiles.yml file,
please consult the dbt documentation here:

  https://docs.getdbt.com/docs/configure-your-profile

One more thing:

Need help? Don't hesitate to reach out to us via GitHub issues or on Slack:

  https://community.getdbt.com/

Happy modeling!

[0m04:30:45.021134 [info ] [MainThread]: Setting up your profile.
[0m04:30:45.021805 [error] [MainThread]: Encountered an error:

[0m04:30:45.025670 [error] [MainThread]: Traceback (most recent call last):
  File "/usr/local/lib/python3.12/site-packages/dbt/cli/requires.py", line 153, in wrapper
    result, success = func(*args, **kwargs)
                      ^^^^^^^^^^^^^^^^^^^^^
  File "/usr/local/lib/python3.12/site-packages/dbt/cli/requires.py", line 103, in wrapper
    return func(*args, **kwargs)
           ^^^^^^^^^^^^^^^^^^^^^
  File "/usr/local/lib/python3.12/site-packages/dbt/cli/main.py", line 477, in init
    results = task.run()
              ^^^^^^^^^^
  File "/usr/local/lib/python3.12/site-packages/dbt/task/init.py", line 346, in run
    self.setup_profile(profile_name)
  File "/usr/local/lib/python3.12/site-packages/dbt/task/init.py", line 261, in setup_profile
    adapter = self.ask_for_adapter_choice()
              ^^^^^^^^^^^^^^^^^^^^^^^^^^^^^
  File "/usr/local/lib/python3.12/site-packages/dbt/task/init.py", line 242, in ask_for_adapter_choice
    numeric_choice = click.prompt(prompt_msg, type=click.INT)
                     ^^^^^^^^^^^^^^^^^^^^^^^^^^^^^^^^^^^^^^^^
  File "/usr/local/lib/python3.12/site-packages/click/termui.py", line 164, in prompt
    value = prompt_func(prompt)
            ^^^^^^^^^^^^^^^^^^^
  File "/usr/local/lib/python3.12/site-packages/click/termui.py", line 147, in prompt_func
    raise Abort() from None
click.exceptions.Abort

[0m04:30:45.027918 [debug] [MainThread]: Resource report: {"command_name": "init", "command_success": false, "command_wall_clock_time": 0.1321623, "process_in_blocks": "96264", "process_kernel_time": 0.289235, "process_mem_max_rss": "87076", "process_out_blocks": "1528", "process_user_time": 1.273439}
[0m04:30:45.028634 [debug] [MainThread]: Command `dbt init` failed at 04:30:45.028475 after 0.13 seconds
[0m04:30:45.029034 [debug] [MainThread]: Sending event: {'category': 'dbt', 'action': 'invocation', 'label': 'end', 'context': [<snowplow_tracker.self_describing_json.SelfDescribingJson object at 0x7443b425b2c0>, <snowplow_tracker.self_describing_json.SelfDescribingJson object at 0x7443b3e1a6c0>, <snowplow_tracker.self_describing_json.SelfDescribingJson object at 0x7443b3e18b30>]}
[0m04:30:45.029460 [debug] [MainThread]: Flushing usage events
[0m04:30:46.038091 [debug] [MainThread]: An error was encountered while trying to flush usage events
[0m04:38:16.009341 [debug] [MainThread]: Sending event: {'category': 'dbt', 'action': 'invocation', 'label': 'start', 'context': [<snowplow_tracker.self_describing_json.SelfDescribingJson object at 0x7976f5a86480>, <snowplow_tracker.self_describing_json.SelfDescribingJson object at 0x7976f6373890>, <snowplow_tracker.self_describing_json.SelfDescribingJson object at 0x7976f5a86510>]}


============================== 04:38:16.015956 | 7fbab967-3858-47a2-ac61-f421c172edc1 ==============================
[0m04:38:16.015956 [info ] [MainThread]: Running with dbt=1.9.0
[0m04:38:16.016468 [debug] [MainThread]: running dbt with arguments {'printer_width': '80', 'indirect_selection': 'eager', 'log_cache_events': 'False', 'write_json': 'True', 'partial_parse': 'True', 'cache_selected_only': 'False', 'warn_error': 'None', 'debug': 'False', 'profiles_dir': '/usr/app', 'log_path': 'logs', 'fail_fast': 'False', 'version_check': 'True', 'use_colors': 'True', 'use_experimental_parser': 'False', 'empty': 'None', 'quiet': 'False', 'no_print': 'None', 'log_format': 'default', 'static_parser': 'True', 'warn_error_options': 'WarnErrorOptions(include=[], exclude=[])', 'invocation_command': 'dbt debug', 'target_path': 'None', 'introspect': 'True', 'send_anonymous_usage_stats': 'True'}
[0m04:38:16.056869 [info ] [MainThread]: dbt version: 1.9.0
[0m04:38:16.057289 [info ] [MainThread]: python version: 3.12.4
[0m04:38:16.057598 [info ] [MainThread]: python path: /usr/local/bin/python
[0m04:38:16.057900 [info ] [MainThread]: os info: Linux-6.6.114.1-microsoft-standard-WSL2-x86_64-with-glibc2.31
[0m04:38:16.144784 [info ] [MainThread]: Using profiles dir at /usr/app
[0m04:38:16.145191 [info ] [MainThread]: Using profiles.yml file at /usr/app/profiles.yml
[0m04:38:16.145479 [info ] [MainThread]: Using dbt_project.yml file at /usr/app/dbt_project.yml
[0m04:38:16.146308 [info ] [MainThread]: adapter type: postgres
[0m04:38:16.146626 [info ] [MainThread]: adapter version: 1.9.0
[0m04:38:16.146972 [info ] [MainThread]: Configuration:
[0m04:38:16.147249 [info ] [MainThread]:   profiles.yml file [[32mOK found and valid[0m]
[0m04:38:16.147552 [info ] [MainThread]:   dbt_project.yml file [[31mERROR not found[0m]
[0m04:38:16.147920 [info ] [MainThread]: Required dependencies:
[0m04:38:16.148297 [debug] [MainThread]: Executing "git --help"
[0m04:38:16.161103 [debug] [MainThread]: STDOUT: "b"usage: git [--version] [--help] [-C <path>] [-c <name>=<value>]\n           [--exec-path[=<path>]] [--html-path] [--man-path] [--info-path]\n           [-p | --paginate | -P | --no-pager] [--no-replace-objects] [--bare]\n           [--git-dir=<path>] [--work-tree=<path>] [--namespace=<name>]\n           <command> [<args>]\n\nThese are common Git commands used in various situations:\n\nstart a working area (see also: git help tutorial)\n   clone             Clone a repository into a new directory\n   init              Create an empty Git repository or reinitialize an existing one\n\nwork on the current change (see also: git help everyday)\n   add               Add file contents to the index\n   mv                Move or rename a file, a directory, or a symlink\n   restore           Restore working tree files\n   rm                Remove files from the working tree and from the index\n   sparse-checkout   Initialize and modify the sparse-checkout\n\nexamine the history and state (see also: git help revisions)\n   bisect            Use binary search to find the commit that introduced a bug\n   diff              Show changes between commits, commit and working tree, etc\n   grep              Print lines matching a pattern\n   log               Show commit logs\n   show              Show various types of objects\n   status            Show the working tree status\n\ngrow, mark and tweak your common history\n   branch            List, create, or delete branches\n   commit            Record changes to the repository\n   merge             Join two or more development histories together\n   rebase            Reapply commits on top of another base tip\n   reset             Reset current HEAD to the specified state\n   switch            Switch branches\n   tag               Create, list, delete or verify a tag object signed with GPG\n\ncollaborate (see also: git help workflows)\n   fetch             Download objects and refs from another repository\n   pull              Fetch from and integrate with another repository or a local branch\n   push              Update remote refs along with associated objects\n\n'git help -a' and 'git help -g' list available subcommands and some\nconcept guides. See 'git help <command>' or 'git help <concept>'\nto read about a specific subcommand or concept.\nSee 'git help git' for an overview of the system.\n""
[0m04:38:16.161679 [debug] [MainThread]: STDERR: "b''"
[0m04:38:16.162001 [info ] [MainThread]:  - git [[32mOK found[0m]

[0m04:38:16.162300 [info ] [MainThread]: Connection:
[0m04:38:16.162672 [info ] [MainThread]:   host: postgrees_container
[0m04:38:16.163078 [info ] [MainThread]:   port: 5432
[0m04:38:16.163419 [info ] [MainThread]:   user: db_user
[0m04:38:16.163838 [info ] [MainThread]:   database: db
[0m04:38:16.164302 [info ] [MainThread]:   schema: dev
[0m04:38:16.164751 [info ] [MainThread]:   connect_timeout: 10
[0m04:38:16.165100 [info ] [MainThread]:   role: None
[0m04:38:16.165475 [info ] [MainThread]:   search_path: None
[0m04:38:16.165836 [info ] [MainThread]:   keepalives_idle: 0
[0m04:38:16.166241 [info ] [MainThread]:   sslmode: None
[0m04:38:16.166654 [info ] [MainThread]:   sslcert: None
[0m04:38:16.167083 [info ] [MainThread]:   sslkey: None
[0m04:38:16.167904 [info ] [MainThread]:   sslrootcert: None
[0m04:38:16.168698 [info ] [MainThread]:   application_name: dbt
[0m04:38:16.169513 [info ] [MainThread]:   retries: 1
[0m04:38:16.170347 [info ] [MainThread]: Registered adapter: postgres=1.9.0
[0m04:38:16.240643 [debug] [MainThread]: Acquiring new postgres connection 'debug'
[0m04:38:16.286634 [debug] [MainThread]: Using postgres connection "debug"
[0m04:38:16.287021 [debug] [MainThread]: On debug: select 1 as id
[0m04:38:16.287302 [debug] [MainThread]: Opening a new connection, currently in state init
[0m04:38:17.544928 [debug] [MainThread]: Postgres adapter: Got a retryable error when attempting to open a postgres connection.
1 attempts remaining. Retrying in 0 seconds.
Error:
could not translate host name "postgrees_container" to address: Name or service not known

[0m04:38:18.689701 [debug] [MainThread]: Postgres adapter: Error running SQL: select 1 as id
[0m04:38:18.690218 [debug] [MainThread]: Postgres adapter: Rolling back transaction.
[0m04:38:18.690557 [debug] [MainThread]: On debug: No close available on handle
[0m04:38:18.690879 [info ] [MainThread]:   Connection test: [[31mERROR[0m]

[0m04:38:18.691304 [info ] [MainThread]: [31m2 checks failed:[0m
[0m04:38:18.691630 [info ] [MainThread]: Project loading failed for the following reason:
 project path </usr/app/dbt_project.yml> not found

[0m04:38:18.692002 [info ] [MainThread]: dbt was unable to connect to the specified database.
The database returned the following error:

  >Database Error
  could not translate host name "postgrees_container" to address: Name or service not known
  

Check your database credentials and try again. For more information, visit:
https://docs.getdbt.com/docs/configure-your-profile


[0m04:38:18.693152 [debug] [MainThread]: Resource report: {"command_name": "debug", "command_success": false, "command_wall_clock_time": 2.726322, "process_in_blocks": "13136", "process_kernel_time": 0.268953, "process_mem_max_rss": "96508", "process_out_blocks": "1512", "process_user_time": 1.538569}
[0m04:38:18.693677 [debug] [MainThread]: Command `dbt debug` failed at 04:38:18.693562 after 2.73 seconds
[0m04:38:18.694133 [debug] [MainThread]: Connection 'debug' was properly closed.
[0m04:38:18.694526 [debug] [MainThread]: Sending event: {'category': 'dbt', 'action': 'invocation', 'label': 'end', 'context': [<snowplow_tracker.self_describing_json.SelfDescribingJson object at 0x7976f481a240>, <snowplow_tracker.self_describing_json.SelfDescribingJson object at 0x7976f44f6870>, <snowplow_tracker.self_describing_json.SelfDescribingJson object at 0x7976f4cfbbf0>]}
[0m04:38:18.694953 [debug] [MainThread]: Flushing usage events
[0m04:38:19.686651 [debug] [MainThread]: An error was encountered while trying to flush usage events
[0m04:41:36.065826 [debug] [MainThread]: Sending event: {'category': 'dbt', 'action': 'invocation', 'label': 'start', 'context': [<snowplow_tracker.self_describing_json.SelfDescribingJson object at 0x772cc9b03770>, <snowplow_tracker.self_describing_json.SelfDescribingJson object at 0x772cc911fbf0>, <snowplow_tracker.self_describing_json.SelfDescribingJson object at 0x772cc911dfd0>]}


============================== 04:41:36.073349 | 08a9c0fd-7cc1-46b4-bd09-21b4c0cf6353 ==============================
[0m04:41:36.073349 [info ] [MainThread]: Running with dbt=1.9.0
[0m04:41:36.073848 [debug] [MainThread]: running dbt with arguments {'printer_width': '80', 'indirect_selection': 'eager', 'log_cache_events': 'False', 'write_json': 'True', 'partial_parse': 'True', 'cache_selected_only': 'False', 'warn_error': 'None', 'fail_fast': 'False', 'profiles_dir': '/usr/app', 'log_path': 'logs', 'version_check': 'True', 'debug': 'False', 'use_colors': 'True', 'use_experimental_parser': 'False', 'empty': 'None', 'quiet': 'False', 'no_print': 'None', 'warn_error_options': 'WarnErrorOptions(include=[], exclude=[])', 'invocation_command': 'dbt debug', 'static_parser': 'True', 'introspect': 'True', 'target_path': 'None', 'log_format': 'default', 'send_anonymous_usage_stats': 'True'}
[0m04:41:36.122250 [info ] [MainThread]: dbt version: 1.9.0
[0m04:41:36.122685 [info ] [MainThread]: python version: 3.12.4
[0m04:41:36.123013 [info ] [MainThread]: python path: /usr/local/bin/python
[0m04:41:36.123321 [info ] [MainThread]: os info: Linux-6.6.114.1-microsoft-standard-WSL2-x86_64-with-glibc2.31
[0m04:41:36.212219 [info ] [MainThread]: Using profiles dir at /usr/app
[0m04:41:36.212685 [info ] [MainThread]: Using profiles.yml file at /usr/app/profiles.yml
[0m04:41:36.213021 [info ] [MainThread]: Using dbt_project.yml file at /usr/app/dbt_project.yml
[0m04:41:36.213937 [info ] [MainThread]: adapter type: postgres
[0m04:41:36.214289 [info ] [MainThread]: adapter version: 1.9.0
[0m04:41:36.214704 [info ] [MainThread]: Configuration:
[0m04:41:36.215060 [info ] [MainThread]:   profiles.yml file [[32mOK found and valid[0m]
[0m04:41:36.215407 [info ] [MainThread]:   dbt_project.yml file [[31mERROR not found[0m]
[0m04:41:36.215892 [info ] [MainThread]: Required dependencies:
[0m04:41:36.216399 [debug] [MainThread]: Executing "git --help"
[0m04:41:36.231415 [debug] [MainThread]: STDOUT: "b"usage: git [--version] [--help] [-C <path>] [-c <name>=<value>]\n           [--exec-path[=<path>]] [--html-path] [--man-path] [--info-path]\n           [-p | --paginate | -P | --no-pager] [--no-replace-objects] [--bare]\n           [--git-dir=<path>] [--work-tree=<path>] [--namespace=<name>]\n           <command> [<args>]\n\nThese are common Git commands used in various situations:\n\nstart a working area (see also: git help tutorial)\n   clone             Clone a repository into a new directory\n   init              Create an empty Git repository or reinitialize an existing one\n\nwork on the current change (see also: git help everyday)\n   add               Add file contents to the index\n   mv                Move or rename a file, a directory, or a symlink\n   restore           Restore working tree files\n   rm                Remove files from the working tree and from the index\n   sparse-checkout   Initialize and modify the sparse-checkout\n\nexamine the history and state (see also: git help revisions)\n   bisect            Use binary search to find the commit that introduced a bug\n   diff              Show changes between commits, commit and working tree, etc\n   grep              Print lines matching a pattern\n   log               Show commit logs\n   show              Show various types of objects\n   status            Show the working tree status\n\ngrow, mark and tweak your common history\n   branch            List, create, or delete branches\n   commit            Record changes to the repository\n   merge             Join two or more development histories together\n   rebase            Reapply commits on top of another base tip\n   reset             Reset current HEAD to the specified state\n   switch            Switch branches\n   tag               Create, list, delete or verify a tag object signed with GPG\n\ncollaborate (see also: git help workflows)\n   fetch             Download objects and refs from another repository\n   pull              Fetch from and integrate with another repository or a local branch\n   push              Update remote refs along with associated objects\n\n'git help -a' and 'git help -g' list available subcommands and some\nconcept guides. See 'git help <command>' or 'git help <concept>'\nto read about a specific subcommand or concept.\nSee 'git help git' for an overview of the system.\n""
[0m04:41:36.231908 [debug] [MainThread]: STDERR: "b''"
[0m04:41:36.232206 [info ] [MainThread]:  - git [[32mOK found[0m]

[0m04:41:36.232524 [info ] [MainThread]: Connection:
[0m04:41:36.232865 [info ] [MainThread]:   host: postgrees_container
[0m04:41:36.233265 [info ] [MainThread]:   port: 5432
[0m04:41:36.233612 [info ] [MainThread]:   user: db_user
[0m04:41:36.233999 [info ] [MainThread]:   database: db
[0m04:41:36.234409 [info ] [MainThread]:   schema: dev
[0m04:41:36.234845 [info ] [MainThread]:   connect_timeout: 10
[0m04:41:36.235277 [info ] [MainThread]:   role: None
[0m04:41:36.235679 [info ] [MainThread]:   search_path: None
[0m04:41:36.236087 [info ] [MainThread]:   keepalives_idle: 0
[0m04:41:36.236513 [info ] [MainThread]:   sslmode: None
[0m04:41:36.236959 [info ] [MainThread]:   sslcert: None
[0m04:41:36.237417 [info ] [MainThread]:   sslkey: None
[0m04:41:36.237887 [info ] [MainThread]:   sslrootcert: None
[0m04:41:36.238299 [info ] [MainThread]:   application_name: dbt
[0m04:41:36.239221 [info ] [MainThread]:   retries: 1
[0m04:41:36.241070 [info ] [MainThread]: Registered adapter: postgres=1.9.0
[0m04:41:36.314605 [debug] [MainThread]: Acquiring new postgres connection 'debug'
[0m04:41:36.347939 [debug] [MainThread]: Using postgres connection "debug"
[0m04:41:36.348372 [debug] [MainThread]: On debug: select 1 as id
[0m04:41:36.348660 [debug] [MainThread]: Opening a new connection, currently in state init
[0m04:41:37.624381 [debug] [MainThread]: Postgres adapter: Got a retryable error when attempting to open a postgres connection.
1 attempts remaining. Retrying in 0 seconds.
Error:
could not translate host name "postgrees_container" to address: Name or service not known

[0m04:41:38.773954 [debug] [MainThread]: Postgres adapter: Error running SQL: select 1 as id
[0m04:41:38.774387 [debug] [MainThread]: Postgres adapter: Rolling back transaction.
[0m04:41:38.774700 [debug] [MainThread]: On debug: No close available on handle
[0m04:41:38.774999 [info ] [MainThread]:   Connection test: [[31mERROR[0m]

[0m04:41:38.775355 [info ] [MainThread]: [31m2 checks failed:[0m
[0m04:41:38.775659 [info ] [MainThread]: Project loading failed for the following reason:
 project path </usr/app/dbt_project.yml> not found

[0m04:41:38.775996 [info ] [MainThread]: dbt was unable to connect to the specified database.
The database returned the following error:

  >Database Error
  could not translate host name "postgrees_container" to address: Name or service not known
  

Check your database credentials and try again. For more information, visit:
https://docs.getdbt.com/docs/configure-your-profile


[0m04:41:38.781060 [debug] [MainThread]: Resource report: {"command_name": "debug", "command_success": false, "command_wall_clock_time": 2.7608955, "process_in_blocks": "95488", "process_kernel_time": 0.316759, "process_mem_max_rss": "96208", "process_out_blocks": "1512", "process_user_time": 1.48877}
[0m04:41:38.781600 [debug] [MainThread]: Command `dbt debug` failed at 04:41:38.781497 after 2.76 seconds
[0m04:41:38.781922 [debug] [MainThread]: Connection 'debug' was properly closed.
[0m04:41:38.782259 [debug] [MainThread]: Sending event: {'category': 'dbt', 'action': 'invocation', 'label': 'end', 'context': [<snowplow_tracker.self_describing_json.SelfDescribingJson object at 0x772cc9a5be60>, <snowplow_tracker.self_describing_json.SelfDescribingJson object at 0x772cc8e29be0>, <snowplow_tracker.self_describing_json.SelfDescribingJson object at 0x772ccae382c0>]}
[0m04:41:38.782751 [debug] [MainThread]: Flushing usage events
[0m04:41:39.755697 [debug] [MainThread]: An error was encountered while trying to flush usage events
